h:\personaluse\toygame\x64\debug\toygame.pdb
h:\personaluse\toygame\x64\debug\toygame.idb
h:\personaluse\toygame\toygame\x64\debug\shader.obj
h:\personaluse\toygame\toygame\x64\debug\renderer.obj
h:\personaluse\toygame\toygame\x64\debug\mouse.obj
h:\personaluse\toygame\toygame\x64\debug\layer.obj
h:\personaluse\toygame\toygame\x64\debug\keyboard.obj
h:\personaluse\toygame\toygame\x64\debug\input.obj
h:\personaluse\toygame\toygame\x64\debug\imgui_widgets.obj
h:\personaluse\toygame\toygame\x64\debug\imgui_tables.obj
h:\personaluse\toygame\toygame\x64\debug\imgui_stdlib.obj
h:\personaluse\toygame\toygame\x64\debug\imgui_impl_win32.obj
h:\personaluse\toygame\toygame\x64\debug\imgui_impl_glfw.obj
h:\personaluse\toygame\toygame\x64\debug\imgui_impl_bgfx.obj
h:\personaluse\toygame\toygame\x64\debug\imgui_draw.obj
h:\personaluse\toygame\toygame\x64\debug\imgui_demo.obj
h:\personaluse\toygame\toygame\x64\debug\imgui.obj
h:\personaluse\toygame\toygame\x64\debug\graphics.obj
h:\personaluse\toygame\toygame\x64\debug\gamepad.obj
h:\personaluse\toygame\toygame\x64\debug\edr.obj
h:\personaluse\toygame\toygame\x64\debug\console.obj
h:\personaluse\toygame\toygame\x64\debug\audio.obj
h:\personaluse\toygame\toygame\x64\debug\soloud_core_voicegroup.obj
h:\personaluse\toygame\toygame\x64\debug\soloud_core_setters.obj
h:\personaluse\toygame\toygame\x64\debug\soloud_core_getters.obj
h:\personaluse\toygame\toygame\x64\debug\soloud_core_filterops.obj
h:\personaluse\toygame\toygame\x64\debug\soloud_core_faderops.obj
h:\personaluse\toygame\toygame\x64\debug\soloud_core_basicops.obj
h:\personaluse\toygame\toygame\x64\debug\soloud_core_3d.obj
h:\personaluse\toygame\toygame\x64\debug\soloud_coreaudio.obj
h:\personaluse\toygame\toygame\x64\debug\soloud_c.obj
h:\personaluse\toygame\toygame\x64\debug\soloud_bus.obj
h:\personaluse\toygame\toygame\x64\debug\soloud_biquadresonantfilter.obj
h:\personaluse\toygame\toygame\x64\debug\soloud_bassboostfilter.obj
h:\personaluse\toygame\toygame\x64\debug\soloud_audiosource.obj
h:\personaluse\toygame\toygame\x64\debug\soloud_alsa.obj
h:\personaluse\toygame\toygame\x64\debug\soloud.obj
h:\personaluse\toygame\toygame\x64\debug\sid.obj
h:\personaluse\toygame\toygame\x64\debug\resonator.obj
h:\personaluse\toygame\toygame\x64\debug\klatt.obj
h:\personaluse\toygame\toygame\x64\debug\dr_impl.obj
h:\personaluse\toygame\toygame\x64\debug\darray.obj
h:\personaluse\toygame\toygame\x64\debug\soloud_openal.obj
h:\personaluse\toygame\toygame\x64\debug\soloud_null.obj
h:\personaluse\toygame\toygame\x64\debug\soloud_nosound.obj
h:\personaluse\toygame\toygame\x64\debug\soloud_noise.obj
h:\personaluse\toygame\toygame\x64\debug\soloud_monotone.obj
h:\personaluse\toygame\toygame\x64\debug\soloud_misc.obj
h:\personaluse\toygame\toygame\x64\debug\soloud_miniaudio.obj
h:\personaluse\toygame\toygame\x64\debug\soloud_lofifilter.obj
h:\personaluse\toygame\toygame\x64\debug\soloud_jack.obj
h:\personaluse\toygame\toygame\x64\debug\soloud_freeverbfilter.obj
h:\personaluse\toygame\toygame\x64\debug\soloud_flangerfilter.obj
h:\personaluse\toygame\toygame\x64\debug\soloud_filter.obj
h:\personaluse\toygame\toygame\x64\debug\soloud_file.obj
h:\personaluse\toygame\toygame\x64\debug\soloud_fft_lut.obj
h:\personaluse\toygame\toygame\x64\debug\soloud_fftfilter.obj
h:\personaluse\toygame\toygame\x64\debug\soloud_fft.obj
h:\personaluse\toygame\toygame\x64\debug\soloud_fader.obj
h:\personaluse\toygame\toygame\x64\debug\soloud_echofilter.obj
h:\personaluse\toygame\toygame\x64\debug\soloud_dcremovalfilter.obj
h:\personaluse\toygame\toygame\x64\debug\soloud_core_voiceops.obj
h:\personaluse\toygame\toygame\x64\debug\soloud_wavstream.obj
h:\personaluse\toygame\toygame\x64\debug\soloud_waveshaperfilter.obj
h:\personaluse\toygame\toygame\x64\debug\soloud_wav.obj
h:\personaluse\toygame\toygame\x64\debug\soloud_wasapi.obj
h:\personaluse\toygame\toygame\x64\debug\soloud_vizsn.obj
h:\personaluse\toygame\toygame\x64\debug\soloud_vic.obj
h:\personaluse\toygame\toygame\x64\debug\soloud_thread.obj
h:\personaluse\toygame\toygame\x64\debug\soloud_tedsid.obj
h:\personaluse\toygame\toygame\x64\debug\soloud_speech.obj
h:\personaluse\toygame\toygame\x64\debug\soloud_sfxr.obj
h:\personaluse\toygame\toygame\x64\debug\soloud_sdl_static.obj
h:\personaluse\toygame\toygame\x64\debug\soloud_sdl2_static.obj
h:\personaluse\toygame\toygame\x64\debug\soloud_sdl2.obj
h:\personaluse\toygame\toygame\x64\debug\soloud_sdl1.obj
h:\personaluse\toygame\toygame\x64\debug\soloud_robotizefilter.obj
h:\personaluse\toygame\toygame\x64\debug\soloud_queue.obj
h:\personaluse\toygame\toygame\x64\debug\soloud_portaudio.obj
h:\personaluse\toygame\toygame\x64\debug\soloud_oss.obj
h:\personaluse\toygame\toygame\x64\debug\soloud_opensles.obj
h:\personaluse\toygame\toygame\x64\debug\soloud_openmpt.obj
h:\personaluse\toygame\toygame\x64\debug\window.obj
h:\personaluse\toygame\toygame\x64\debug\viewport3d.obj
h:\personaluse\toygame\toygame\x64\debug\viewport2d.obj
h:\personaluse\toygame\toygame\x64\debug\tools.obj
h:\personaluse\toygame\toygame\x64\debug\time.obj
h:\personaluse\toygame\toygame\x64\debug\texture.obj
h:\personaluse\toygame\toygame\x64\debug\task.obj
h:\personaluse\toygame\toygame\x64\debug\system.obj
h:\personaluse\toygame\toygame\x64\debug\string.obj
h:\personaluse\toygame\toygame\x64\debug\tts.obj
h:\personaluse\toygame\toygame\x64\debug\ted.obj
h:\personaluse\toygame\toygame\x64\debug\soloud_xaudio2.obj
h:\personaluse\toygame\toygame\x64\debug\soloud_winmm.obj
h:\personaluse\toygame\toygame\x64\debug\stb_vorbis.obj
h:\personaluse\toygame\toygame\x64\debug\soloud_sdl2_dll.obj
h:\personaluse\toygame\toygame\x64\debug\soloud_sdl1_dll.obj
h:\personaluse\toygame\toygame\x64\debug\soloud_portaudio_dll.obj
h:\personaluse\toygame\toygame\x64\debug\soloud_openmpt_dll.obj
h:\personaluse\toygame\toygame\x64\debug\soloud_openal_dll.obj
h:\personaluse\toygame\x64\debug\toygame.lib
h:\personaluse\toygame\toygame\x64\debug\toygame.tlog\cl.command.1.tlog
h:\personaluse\toygame\toygame\x64\debug\toygame.tlog\cl.read.1.tlog
h:\personaluse\toygame\toygame\x64\debug\toygame.tlog\cl.write.1.tlog
h:\personaluse\toygame\toygame\x64\debug\toygame.tlog\lib-link.read.1.tlog
h:\personaluse\toygame\toygame\x64\debug\toygame.tlog\lib-link.write.1.tlog
h:\personaluse\toygame\toygame\x64\debug\toygame.tlog\lib.command.1.tlog
