  Audio.cpp
H:\ToyGame\ToyGame\ToyGame\engine\Audio.cpp(71,89): warning C4244: "Argument": Konvertierung von "uint64" in "unsigned int", möglicher Datenverlust
  Console.cpp
  EDR.cpp
  Gamepad.cpp
  Graphics.cpp
C:\Program Files (x86)\Windows Kits\10\Include\10.0.19041.0\shared\minwindef.h(130,1): warning C4005: "APIENTRY": Makro-Neudefinition
H:\ToyGame\ToyGame\THIRDPARTY\include\GLFW\glfw3.h(123): message : Siehe vorherige Definition von "APIENTRY"
H:\ToyGame\ToyGame\ToyGame\engine\Graphics.cpp(74,18): warning C4353: Nicht dem Standard entsprechende Erweiterung: Konstante 0 als Funktionsausdruck. Verwenden Sie stattdessen die systeminterne __noop-Funktion.
H:\ToyGame\ToyGame\ToyGame\engine\Graphics.cpp(85,18): warning C4353: Nicht dem Standard entsprechende Erweiterung: Konstante 0 als Funktionsausdruck. Verwenden Sie stattdessen die systeminterne __noop-Funktion.
  imgui.cpp
  imgui_demo.cpp
  imgui_draw.cpp
  imgui_impl_bgfx.cpp
  imgui_impl_glfw.cpp
  imgui_impl_win32.cpp
  imgui_stdlib.cpp
  imgui_tables.cpp
  imgui_widgets.cpp
  Input.cpp
  Keyboard.cpp
  Layer.cpp
  Mouse.cpp
  Renderer.cpp
C:\Program Files (x86)\Windows Kits\10\Include\10.0.19041.0\shared\minwindef.h(130,1): warning C4005: "APIENTRY": Makro-Neudefinition
H:\ToyGame\ToyGame\THIRDPARTY\include\GLFW\glfw3.h(123): message : Siehe vorherige Definition von "APIENTRY"
  Shader.cpp
C:\Program Files (x86)\Windows Kits\10\Include\10.0.19041.0\shared\minwindef.h(130,1): warning C4005: "APIENTRY": Makro-Neudefinition
H:\ToyGame\ToyGame\THIRDPARTY\include\GLFW\glfw3.h(123): message : Siehe vorherige Definition von "APIENTRY"
H:\ToyGame\ToyGame\ToyGame\engine\Shader.cpp(32,36): warning C4002: Zu viele Argumente für den Aufruf des funktionsähnlichen Makros "TG_ASSERT".
H:\ToyGame\ToyGame\ToyGame\engine\Shader.cpp(87,16): warning C4353: Nicht dem Standard entsprechende Erweiterung: Konstante 0 als Funktionsausdruck. Verwenden Sie stattdessen die systeminterne __noop-Funktion.
  Code wird generiert...
  Kompilieren...
  darray.cpp
  dr_impl.cpp
  klatt.cpp
  resonator.cpp
  sid.cpp
  soloud.cpp
  soloud_alsa.cpp
  soloud_audiosource.cpp
  soloud_bassboostfilter.cpp
  soloud_biquadresonantfilter.cpp
  soloud_bus.cpp
  soloud_c.cpp
  soloud_coreaudio.cpp
  soloud_core_3d.cpp
  soloud_core_basicops.cpp
  soloud_core_faderops.cpp
  soloud_core_filterops.cpp
  soloud_core_getters.cpp
  soloud_core_setters.cpp
  soloud_core_voicegroup.cpp
  Code wird generiert...
  Kompilieren...
  soloud_core_voiceops.cpp
  soloud_dcremovalfilter.cpp
  soloud_echofilter.cpp
  soloud_fader.cpp
  soloud_fft.cpp
  soloud_fftfilter.cpp
  soloud_fft_lut.cpp
  soloud_file.cpp
  soloud_filter.cpp
  soloud_flangerfilter.cpp
  soloud_freeverbfilter.cpp
  soloud_jack.cpp
  soloud_lofifilter.cpp
  soloud_miniaudio.cpp
  soloud_misc.cpp
  soloud_monotone.cpp
  soloud_noise.cpp
  soloud_nosound.cpp
  soloud_null.cpp
  soloud_openal.cpp
  Code wird generiert...
  Kompilieren...
  soloud_openmpt.cpp
  soloud_opensles.cpp
  soloud_oss.cpp
  soloud_portaudio.cpp
  soloud_queue.cpp
  soloud_robotizefilter.cpp
  soloud_sdl1.cpp
  soloud_sdl2.cpp
  soloud_sdl2_static.cpp
  soloud_sdl_static.cpp
  soloud_sfxr.cpp
  soloud_speech.cpp
  soloud_tedsid.cpp
  soloud_thread.cpp
  soloud_vic.cpp
  soloud_vizsn.cpp
  soloud_wasapi.cpp
  soloud_wav.cpp
  soloud_waveshaperfilter.cpp
  soloud_wavstream.cpp
  Code wird generiert...
  Kompilieren...
  soloud_winmm.cpp
  soloud_xaudio2.cpp
  ted.cpp
  tts.cpp
  String.cpp
  System.cpp
  Task.cpp
  Texture.cpp
  Time.cpp
  Tools.cpp
  Viewport2D.cpp
  Viewport3D.cpp
  Window.cpp
H:\ToyGame\ToyGame\ToyGame\engine\Window.cpp(191,20): warning C4244: "=": Konvertierung von "real3" in "int", möglicher Datenverlust
H:\ToyGame\ToyGame\ToyGame\engine\Window.cpp(192,21): warning C4244: "=": Konvertierung von "real3" in "int", möglicher Datenverlust
  Code wird generiert...
H:\ToyGame\ToyGame\ToyGame\engine\Window.cpp(20): warning C4715: "eWindow::INIT": Nicht alle Codepfade geben einen Wert zurück.
H:\ToyGame\ToyGame\ToyGame\engine\System.cpp(64): warning C4715: "eSystem::GetSpaceOnDisk": Nicht alle Codepfade geben einen Wert zurück.
H:\ToyGame\ToyGame\ToyGame\engine\System.cpp(25): warning C4715: "eSystem::GetRAMsize": Nicht alle Codepfade geben einen Wert zurück.
H:\ToyGame\ToyGame\ToyGame\engine\System.cpp(55): warning C4715: "eSystem::GetAvailableVirtualRAMsize": Nicht alle Codepfade geben einen Wert zurück.
H:\ToyGame\ToyGame\ToyGame\engine\System.cpp(45): warning C4715: "eSystem::GetVirtualRAMsize": Nicht alle Codepfade geben einen Wert zurück.
H:\ToyGame\ToyGame\ToyGame\engine\System.cpp(35): warning C4715: "eSystem::GetAvailableRAMsize": Nicht alle Codepfade geben einen Wert zurück.
H:\ToyGame\ToyGame\ToyGame\engine\System.cpp(73): warning C4715: "eSystem::GetAvailableSpaceOnDisk": Nicht alle Codepfade geben einen Wert zurück.
H:\ToyGame\ToyGame\ToyGame\engine\String.cpp(102): warning C4172: Adresse einer lokalen Variablen oder eines temporären Werts "" wird zurückgegeben
  soloud_openal_dll.c
  soloud_openmpt_dll.c
C:\Program Files (x86)\Windows Kits\10\Include\10.0.19041.0\um\winbase.h(9531,5): warning C5105: Die Makroerweiterung, die "defined" erzeugt, weist ein nicht definiertes Verhalten auf.
  soloud_portaudio_dll.c
  soloud_sdl1_dll.c
  soloud_sdl2_dll.c
  stb_vorbis.c
  Code wird generiert...
  ToyGame.vcxproj -> H:\ToyGame\ToyGame\x64\Debug\ToyGame.lib
