h:\toygame\toygame\x64\release\toygame.pdb
h:\toygame\toygame\toygame\x64\release\shader.obj
h:\toygame\toygame\toygame\x64\release\renderer.obj
h:\toygame\toygame\toygame\x64\release\mouse.obj
h:\toygame\toygame\toygame\x64\release\layer.obj
h:\toygame\toygame\toygame\x64\release\keyboard.obj
h:\toygame\toygame\toygame\x64\release\input.obj
h:\toygame\toygame\toygame\x64\release\imgui_widgets.obj
h:\toygame\toygame\toygame\x64\release\imgui_tables.obj
h:\toygame\toygame\toygame\x64\release\imgui_stdlib.obj
h:\toygame\toygame\toygame\x64\release\imgui_impl_win32.obj
h:\toygame\toygame\toygame\x64\release\imgui_impl_glfw.obj
h:\toygame\toygame\toygame\x64\release\imgui_impl_bgfx.obj
h:\toygame\toygame\toygame\x64\release\imgui_draw.obj
h:\toygame\toygame\toygame\x64\release\imgui_demo.obj
h:\toygame\toygame\toygame\x64\release\imgui.obj
h:\toygame\toygame\toygame\x64\release\graphics.obj
h:\toygame\toygame\toygame\x64\release\gamepad.obj
h:\toygame\toygame\toygame\x64\release\edr.obj
h:\toygame\toygame\toygame\x64\release\console.obj
h:\toygame\toygame\toygame\x64\release\audio.obj
h:\toygame\toygame\toygame\x64\release\soloud_core_voicegroup.obj
h:\toygame\toygame\toygame\x64\release\soloud_core_setters.obj
h:\toygame\toygame\toygame\x64\release\soloud_core_getters.obj
h:\toygame\toygame\toygame\x64\release\soloud_core_filterops.obj
h:\toygame\toygame\toygame\x64\release\soloud_core_faderops.obj
h:\toygame\toygame\toygame\x64\release\soloud_core_basicops.obj
h:\toygame\toygame\toygame\x64\release\soloud_core_3d.obj
h:\toygame\toygame\toygame\x64\release\soloud_coreaudio.obj
h:\toygame\toygame\toygame\x64\release\soloud_c.obj
h:\toygame\toygame\toygame\x64\release\soloud_bus.obj
h:\toygame\toygame\toygame\x64\release\soloud_biquadresonantfilter.obj
h:\toygame\toygame\toygame\x64\release\soloud_bassboostfilter.obj
h:\toygame\toygame\toygame\x64\release\soloud_audiosource.obj
h:\toygame\toygame\toygame\x64\release\soloud_alsa.obj
h:\toygame\toygame\toygame\x64\release\soloud.obj
h:\toygame\toygame\toygame\x64\release\sid.obj
h:\toygame\toygame\toygame\x64\release\resonator.obj
h:\toygame\toygame\toygame\x64\release\klatt.obj
h:\toygame\toygame\toygame\x64\release\dr_impl.obj
h:\toygame\toygame\toygame\x64\release\darray.obj
h:\toygame\toygame\toygame\x64\release\soloud_openal.obj
h:\toygame\toygame\toygame\x64\release\soloud_null.obj
h:\toygame\toygame\toygame\x64\release\soloud_nosound.obj
h:\toygame\toygame\toygame\x64\release\soloud_noise.obj
h:\toygame\toygame\toygame\x64\release\soloud_monotone.obj
h:\toygame\toygame\toygame\x64\release\soloud_misc.obj
h:\toygame\toygame\toygame\x64\release\soloud_miniaudio.obj
h:\toygame\toygame\toygame\x64\release\soloud_lofifilter.obj
h:\toygame\toygame\toygame\x64\release\soloud_jack.obj
h:\toygame\toygame\toygame\x64\release\soloud_freeverbfilter.obj
h:\toygame\toygame\toygame\x64\release\soloud_flangerfilter.obj
h:\toygame\toygame\toygame\x64\release\soloud_filter.obj
h:\toygame\toygame\toygame\x64\release\soloud_file.obj
h:\toygame\toygame\toygame\x64\release\soloud_fft_lut.obj
h:\toygame\toygame\toygame\x64\release\soloud_fftfilter.obj
h:\toygame\toygame\toygame\x64\release\soloud_fft.obj
h:\toygame\toygame\toygame\x64\release\soloud_fader.obj
h:\toygame\toygame\toygame\x64\release\soloud_echofilter.obj
h:\toygame\toygame\toygame\x64\release\soloud_dcremovalfilter.obj
h:\toygame\toygame\toygame\x64\release\soloud_core_voiceops.obj
h:\toygame\toygame\toygame\x64\release\soloud_wavstream.obj
h:\toygame\toygame\toygame\x64\release\soloud_waveshaperfilter.obj
h:\toygame\toygame\toygame\x64\release\soloud_wav.obj
h:\toygame\toygame\toygame\x64\release\soloud_wasapi.obj
h:\toygame\toygame\toygame\x64\release\soloud_vizsn.obj
h:\toygame\toygame\toygame\x64\release\soloud_vic.obj
h:\toygame\toygame\toygame\x64\release\soloud_thread.obj
h:\toygame\toygame\toygame\x64\release\soloud_tedsid.obj
h:\toygame\toygame\toygame\x64\release\soloud_speech.obj
h:\toygame\toygame\toygame\x64\release\soloud_sfxr.obj
h:\toygame\toygame\toygame\x64\release\soloud_sdl_static.obj
h:\toygame\toygame\toygame\x64\release\soloud_sdl2_static.obj
h:\toygame\toygame\toygame\x64\release\soloud_sdl2.obj
h:\toygame\toygame\toygame\x64\release\soloud_sdl1.obj
h:\toygame\toygame\toygame\x64\release\soloud_robotizefilter.obj
h:\toygame\toygame\toygame\x64\release\soloud_queue.obj
h:\toygame\toygame\toygame\x64\release\soloud_portaudio.obj
h:\toygame\toygame\toygame\x64\release\soloud_oss.obj
h:\toygame\toygame\toygame\x64\release\soloud_opensles.obj
h:\toygame\toygame\toygame\x64\release\soloud_openmpt.obj
h:\toygame\toygame\toygame\x64\release\window.obj
h:\toygame\toygame\toygame\x64\release\viewport3d.obj
h:\toygame\toygame\toygame\x64\release\viewport2d.obj
h:\toygame\toygame\toygame\x64\release\tools.obj
h:\toygame\toygame\toygame\x64\release\time.obj
h:\toygame\toygame\toygame\x64\release\texture.obj
h:\toygame\toygame\toygame\x64\release\task.obj
h:\toygame\toygame\toygame\x64\release\system.obj
h:\toygame\toygame\toygame\x64\release\string.obj
h:\toygame\toygame\toygame\x64\release\tts.obj
h:\toygame\toygame\toygame\x64\release\ted.obj
h:\toygame\toygame\toygame\x64\release\soloud_xaudio2.obj
h:\toygame\toygame\toygame\x64\release\soloud_winmm.obj
h:\toygame\toygame\toygame\x64\release\stb_vorbis.obj
h:\toygame\toygame\toygame\x64\release\soloud_sdl2_dll.obj
h:\toygame\toygame\toygame\x64\release\soloud_sdl1_dll.obj
h:\toygame\toygame\toygame\x64\release\soloud_portaudio_dll.obj
h:\toygame\toygame\toygame\x64\release\soloud_openmpt_dll.obj
h:\toygame\toygame\toygame\x64\release\soloud_openal_dll.obj
h:\toygame\toygame\x64\release\toygame.lib
h:\toygame\toygame\toygame\x64\release\toygame.tlog\cl.command.1.tlog
h:\toygame\toygame\toygame\x64\release\toygame.tlog\cl.read.1.tlog
h:\toygame\toygame\toygame\x64\release\toygame.tlog\cl.write.1.tlog
h:\toygame\toygame\toygame\x64\release\toygame.tlog\lib-link.read.1.tlog
h:\toygame\toygame\toygame\x64\release\toygame.tlog\lib-link.write.1.tlog
h:\toygame\toygame\toygame\x64\release\toygame.tlog\lib.command.1.tlog
